[   75018ms] [LOG] Visualiser: loading depth 1, 1 parents... @ http://localhost:5173/src/store/useVisualiserStore.js?t=1775746812403:94
[   75023ms] [LOG] Visualiser: depth 1 done, 2 children found, 3 total nodes @ http://localhost:5173/src/store/useVisualiserStore.js?t=1775746812403:143
[   75023ms] [LOG] Visualiser: loading depth 2, 2 parents... @ http://localhost:5173/src/store/useVisualiserStore.js?t=1775746812403:94
[   75025ms] [LOG] Visualiser: depth 2 done, 3 children found, 6 total nodes @ http://localhost:5173/src/store/useVisualiserStore.js?t=1775746812403:143
[   75025ms] [LOG] Visualiser: loading depth 3, 3 parents... @ http://localhost:5173/src/store/useVisualiserStore.js?t=1775746812403:94
[   75026ms] [LOG] Visualiser: depth 3 done, 3 children found, 9 total nodes @ http://localhost:5173/src/store/useVisualiserStore.js?t=1775746812403:143
[   75026ms] [LOG] Visualiser: loading depth 4, 3 parents... @ http://localhost:5173/src/store/useVisualiserStore.js?t=1775746812403:94
[   75028ms] [LOG] Visualiser: depth 4 done, 3 children found, 12 total nodes @ http://localhost:5173/src/store/useVisualiserStore.js?t=1775746812403:143
[   75028ms] [LOG] Visualiser: loading depth 5, 3 parents... @ http://localhost:5173/src/store/useVisualiserStore.js?t=1775746812403:94
[   75029ms] [LOG] Visualiser: depth 5 done, 2 children found, 14 total nodes @ http://localhost:5173/src/store/useVisualiserStore.js?t=1775746812403:143
[   75029ms] [LOG] Visualiser: loading depth 6, 2 parents... @ http://localhost:5173/src/store/useVisualiserStore.js?t=1775746812403:94
[   75030ms] [LOG] Visualiser: depth 6 done, 3 children found, 17 total nodes @ http://localhost:5173/src/store/useVisualiserStore.js?t=1775746812403:143
[   75030ms] [LOG] Visualiser: loading depth 7, 3 parents... @ http://localhost:5173/src/store/useVisualiserStore.js?t=1775746812403:94
[   75031ms] [LOG] Visualiser: depth 7 done, 0 children found, 17 total nodes @ http://localhost:5173/src/store/useVisualiserStore.js?t=1775746812403:143
[   75031ms] [LOG] Visualiser layout: 17 nodes, maxDist 27.6, maxDepth 7 @ http://localhost:5173/src/lib/visualiser/graph.js?t=1775745365396:112
[   75032ms] [LOG] Visualiser camera: baseDistance 49.6 (maxNodeDist 27.6) @ http://localhost:5173/src/lib/visualiser/camera.js?t=1775746812403:37
[   75032ms] [LOG] Visualiser LOD: created 12 labels @ http://localhost:5173/src/lib/visualiser/lod.js?t=1775746812403:61
[   90783ms] [ERROR] SSE stream error: TypeError: network error @ http://localhost:5173/src/composables/useI3xSSE.js:25
[   94174ms] [LOG] 🍍 "node" store installed 🆕 @ http://localhost:5173/node_modules/.vite/deps/pinia.js?v=5618f813:202
[   94174ms] [LOG] 🍍 "deployment" store installed 🆕 @ http://localhost:5173/node_modules/.vite/deps/pinia.js?v=5618f813:202
[   94342ms] [LOG] 🍍 "visualiser" store installed 🆕 @ http://localhost:5173/node_modules/.vite/deps/pinia.js?v=5618f813:202
[   94348ms] [LOG] Visualiser: loading depth 1, 1 parents... @ http://localhost:5173/src/store/useVisualiserStore.js?t=1775746812403:94
[   94350ms] [LOG] Visualiser: depth 1 done, 2 children found, 3 total nodes @ http://localhost:5173/src/store/useVisualiserStore.js?t=1775746812403:143
[   94350ms] [LOG] Visualiser: loading depth 2, 2 parents... @ http://localhost:5173/src/store/useVisualiserStore.js?t=1775746812403:94
[   94352ms] [LOG] Visualiser: depth 2 done, 3 children found, 6 total nodes @ http://localhost:5173/src/store/useVisualiserStore.js?t=1775746812403:143
[   94352ms] [LOG] Visualiser: loading depth 3, 3 parents... @ http://localhost:5173/src/store/useVisualiserStore.js?t=1775746812403:94
[   94354ms] [LOG] Visualiser: depth 3 done, 3 children found, 9 total nodes @ http://localhost:5173/src/store/useVisualiserStore.js?t=1775746812403:143
[   94354ms] [LOG] Visualiser: loading depth 4, 3 parents... @ http://localhost:5173/src/store/useVisualiserStore.js?t=1775746812403:94
[   94356ms] [LOG] Visualiser: depth 4 done, 3 children found, 12 total nodes @ http://localhost:5173/src/store/useVisualiserStore.js?t=1775746812403:143
[   94356ms] [LOG] Visualiser: loading depth 5, 3 parents... @ http://localhost:5173/src/store/useVisualiserStore.js?t=1775746812403:94
[   94358ms] [LOG] Visualiser: depth 5 done, 2 children found, 14 total nodes @ http://localhost:5173/src/store/useVisualiserStore.js?t=1775746812403:143
[   94358ms] [LOG] Visualiser: loading depth 6, 2 parents... @ http://localhost:5173/src/store/useVisualiserStore.js?t=1775746812403:94
[   94359ms] [LOG] Visualiser: depth 6 done, 3 children found, 17 total nodes @ http://localhost:5173/src/store/useVisualiserStore.js?t=1775746812403:143
[   94359ms] [LOG] Visualiser: loading depth 7, 3 parents... @ http://localhost:5173/src/store/useVisualiserStore.js?t=1775746812403:94
[   94362ms] [LOG] Visualiser: depth 7 done, 0 children found, 17 total nodes @ http://localhost:5173/src/store/useVisualiserStore.js?t=1775746812403:143
[   94363ms] [LOG] Visualiser layout: 17 nodes, maxDist 27.8, maxDepth 7 @ http://localhost:5173/src/lib/visualiser/graph.js?t=1775745365396:112
[   94365ms] [LOG] Visualiser camera: baseDistance 50.0 (maxNodeDist 27.8) @ http://localhost:5173/src/lib/visualiser/camera.js?t=1775746812403:37
[   94366ms] [LOG] Visualiser LOD: created 12 labels @ http://localhost:5173/src/lib/visualiser/lod.js?t=1775746812403:61
[  114951ms] [LOG] Visualiser: loading depth 1, 1 parents... @ http://localhost:5173/src/store/useVisualiserStore.js?t=1775746812403:94
[  114955ms] [LOG] Visualiser: depth 1 done, 2 children found, 3 total nodes @ http://localhost:5173/src/store/useVisualiserStore.js?t=1775746812403:143
[  114955ms] [LOG] Visualiser: loading depth 2, 2 parents... @ http://localhost:5173/src/store/useVisualiserStore.js?t=1775746812403:94
[  114957ms] [LOG] Visualiser: depth 2 done, 3 children found, 6 total nodes @ http://localhost:5173/src/store/useVisualiserStore.js?t=1775746812403:143
[  114957ms] [LOG] Visualiser: loading depth 3, 3 parents... @ http://localhost:5173/src/store/useVisualiserStore.js?t=1775746812403:94
[  114958ms] [LOG] Visualiser: depth 3 done, 3 children found, 9 total nodes @ http://localhost:5173/src/store/useVisualiserStore.js?t=1775746812403:143
[  114958ms] [LOG] Visualiser: loading depth 4, 3 parents... @ http://localhost:5173/src/store/useVisualiserStore.js?t=1775746812403:94
[  114959ms] [LOG] Visualiser: depth 4 done, 3 children found, 12 total nodes @ http://localhost:5173/src/store/useVisualiserStore.js?t=1775746812403:143
[  114959ms] [LOG] Visualiser: loading depth 5, 3 parents... @ http://localhost:5173/src/store/useVisualiserStore.js?t=1775746812403:94
[  114961ms] [LOG] Visualiser: depth 5 done, 2 children found, 14 total nodes @ http://localhost:5173/src/store/useVisualiserStore.js?t=1775746812403:143
[  114961ms] [LOG] Visualiser: loading depth 6, 2 parents... @ http://localhost:5173/src/store/useVisualiserStore.js?t=1775746812403:94
[  114962ms] [LOG] Visualiser: depth 6 done, 3 children found, 17 total nodes @ http://localhost:5173/src/store/useVisualiserStore.js?t=1775746812403:143
[  114962ms] [LOG] Visualiser: loading depth 7, 3 parents... @ http://localhost:5173/src/store/useVisualiserStore.js?t=1775746812403:94
[  114963ms] [LOG] Visualiser: depth 7 done, 0 children found, 17 total nodes @ http://localhost:5173/src/store/useVisualiserStore.js?t=1775746812403:143
[  114963ms] [LOG] Visualiser layout: 17 nodes, maxDist 27.4, maxDepth 7 @ http://localhost:5173/src/lib/visualiser/graph.js?t=1775745365396:112
[  114964ms] [LOG] Visualiser camera: baseDistance 49.4 (maxNodeDist 27.4) @ http://localhost:5173/src/lib/visualiser/camera.js?t=1775746812403:37
[  114965ms] [LOG] Visualiser LOD: created 12 labels @ http://localhost:5173/src/lib/visualiser/lod.js?t=1775746812403:61
