[      63ms] [LOG] Visualiser: loading depth 1, 1 parents... @ http://localhost:5173/src/store/useVisualiserStore.js?t=1775744869024:94
[      66ms] [LOG] Visualiser: depth 1 done, 2 children found, 3 total nodes @ http://localhost:5173/src/store/useVisualiserStore.js?t=1775744869024:143
[      66ms] [LOG] Visualiser: loading depth 2, 2 parents... @ http://localhost:5173/src/store/useVisualiserStore.js?t=1775744869024:94
[      70ms] [LOG] Visualiser: depth 2 done, 3 children found, 6 total nodes @ http://localhost:5173/src/store/useVisualiserStore.js?t=1775744869024:143
[      70ms] [LOG] Visualiser: loading depth 3, 3 parents... @ http://localhost:5173/src/store/useVisualiserStore.js?t=1775744869024:94
[      72ms] [LOG] Visualiser: depth 3 done, 3 children found, 9 total nodes @ http://localhost:5173/src/store/useVisualiserStore.js?t=1775744869024:143
[      72ms] [LOG] Visualiser: loading depth 4, 3 parents... @ http://localhost:5173/src/store/useVisualiserStore.js?t=1775744869024:94
[      73ms] [LOG] Visualiser: depth 4 done, 3 children found, 12 total nodes @ http://localhost:5173/src/store/useVisualiserStore.js?t=1775744869024:143
[      73ms] [LOG] Visualiser: loading depth 5, 3 parents... @ http://localhost:5173/src/store/useVisualiserStore.js?t=1775744869024:94
[      75ms] [LOG] Visualiser: depth 5 done, 2 children found, 14 total nodes @ http://localhost:5173/src/store/useVisualiserStore.js?t=1775744869024:143
[      75ms] [LOG] Visualiser: loading depth 6, 2 parents... @ http://localhost:5173/src/store/useVisualiserStore.js?t=1775744869024:94
[      78ms] [LOG] Visualiser: depth 6 done, 3 children found, 17 total nodes @ http://localhost:5173/src/store/useVisualiserStore.js?t=1775744869024:143
[      78ms] [LOG] Visualiser: loading depth 7, 3 parents... @ http://localhost:5173/src/store/useVisualiserStore.js?t=1775744869024:94
[      80ms] [LOG] Visualiser: depth 7 done, 0 children found, 17 total nodes @ http://localhost:5173/src/store/useVisualiserStore.js?t=1775744869024:143
[      80ms] [LOG] Visualiser layout: 17 nodes, span 50.4 units @ http://localhost:5173/src/lib/visualiser/graph.js?t=1775745214642:72
[      81ms] [LOG] Visualiser camera: baseDistance 96.8 (maxNodeDist 32.3) @ http://localhost:5173/src/lib/visualiser/camera.js?t=1775745180622:32
[   94227ms] [LOG] Visualiser: loading depth 1, 1 parents... @ http://localhost:5173/src/store/useVisualiserStore.js?t=1775744869024:94
[   94231ms] [LOG] Visualiser: depth 1 done, 2 children found, 3 total nodes @ http://localhost:5173/src/store/useVisualiserStore.js?t=1775744869024:143
[   94231ms] [LOG] Visualiser: loading depth 2, 2 parents... @ http://localhost:5173/src/store/useVisualiserStore.js?t=1775744869024:94
[   94233ms] [LOG] Visualiser: depth 2 done, 3 children found, 6 total nodes @ http://localhost:5173/src/store/useVisualiserStore.js?t=1775744869024:143
[   94233ms] [LOG] Visualiser: loading depth 3, 3 parents... @ http://localhost:5173/src/store/useVisualiserStore.js?t=1775744869024:94
[   94235ms] [LOG] Visualiser: depth 3 done, 3 children found, 9 total nodes @ http://localhost:5173/src/store/useVisualiserStore.js?t=1775744869024:143
[   94235ms] [LOG] Visualiser: loading depth 4, 3 parents... @ http://localhost:5173/src/store/useVisualiserStore.js?t=1775744869024:94
[   94236ms] [LOG] Visualiser: depth 4 done, 3 children found, 12 total nodes @ http://localhost:5173/src/store/useVisualiserStore.js?t=1775744869024:143
[   94236ms] [LOG] Visualiser: loading depth 5, 3 parents... @ http://localhost:5173/src/store/useVisualiserStore.js?t=1775744869024:94
[   94237ms] [LOG] Visualiser: depth 5 done, 2 children found, 14 total nodes @ http://localhost:5173/src/store/useVisualiserStore.js?t=1775744869024:143
[   94237ms] [LOG] Visualiser: loading depth 6, 2 parents... @ http://localhost:5173/src/store/useVisualiserStore.js?t=1775744869024:94
[   94239ms] [LOG] Visualiser: depth 6 done, 3 children found, 17 total nodes @ http://localhost:5173/src/store/useVisualiserStore.js?t=1775744869024:143
[   94239ms] [LOG] Visualiser: loading depth 7, 3 parents... @ http://localhost:5173/src/store/useVisualiserStore.js?t=1775744869024:94
[   94240ms] [LOG] Visualiser: depth 7 done, 0 children found, 17 total nodes @ http://localhost:5173/src/store/useVisualiserStore.js?t=1775744869024:143
[   94240ms] [LOG] Visualiser layout: 17 nodes, maxDist 27.5, maxDepth 7 @ http://localhost:5173/src/lib/visualiser/graph.js?t=1775745365396:112
[   94241ms] [LOG] Visualiser camera: baseDistance 82.6 (maxNodeDist 27.5) @ http://localhost:5173/src/lib/visualiser/camera.js?t=1775745180622:32
[  109440ms] [LOG] Visualiser: loading depth 1, 1 parents... @ http://localhost:5173/src/store/useVisualiserStore.js?t=1775744869024:94
[  109444ms] [LOG] Visualiser: depth 1 done, 2 children found, 3 total nodes @ http://localhost:5173/src/store/useVisualiserStore.js?t=1775744869024:143
[  109444ms] [LOG] Visualiser: loading depth 2, 2 parents... @ http://localhost:5173/src/store/useVisualiserStore.js?t=1775744869024:94
[  109448ms] [LOG] Visualiser: depth 2 done, 3 children found, 6 total nodes @ http://localhost:5173/src/store/useVisualiserStore.js?t=1775744869024:143
[  109448ms] [LOG] Visualiser: loading depth 3, 3 parents... @ http://localhost:5173/src/store/useVisualiserStore.js?t=1775744869024:94
[  109452ms] [LOG] Visualiser: depth 3 done, 3 children found, 9 total nodes @ http://localhost:5173/src/store/useVisualiserStore.js?t=1775744869024:143
[  109452ms] [LOG] Visualiser: loading depth 4, 3 parents... @ http://localhost:5173/src/store/useVisualiserStore.js?t=1775744869024:94
[  109454ms] [LOG] Visualiser: depth 4 done, 3 children found, 12 total nodes @ http://localhost:5173/src/store/useVisualiserStore.js?t=1775744869024:143
[  109454ms] [LOG] Visualiser: loading depth 5, 3 parents... @ http://localhost:5173/src/store/useVisualiserStore.js?t=1775744869024:94
[  109455ms] [LOG] Visualiser: depth 5 done, 2 children found, 14 total nodes @ http://localhost:5173/src/store/useVisualiserStore.js?t=1775744869024:143
[  109455ms] [LOG] Visualiser: loading depth 6, 2 parents... @ http://localhost:5173/src/store/useVisualiserStore.js?t=1775744869024:94
[  109457ms] [LOG] Visualiser: depth 6 done, 3 children found, 17 total nodes @ http://localhost:5173/src/store/useVisualiserStore.js?t=1775744869024:143
[  109457ms] [LOG] Visualiser: loading depth 7, 3 parents... @ http://localhost:5173/src/store/useVisualiserStore.js?t=1775744869024:94
[  109460ms] [LOG] Visualiser: depth 7 done, 0 children found, 17 total nodes @ http://localhost:5173/src/store/useVisualiserStore.js?t=1775744869024:143
[  109460ms] [LOG] Visualiser layout: 17 nodes, maxDist 27.6, maxDepth 7 @ http://localhost:5173/src/lib/visualiser/graph.js?t=1775745365396:112
[  109461ms] [LOG] Visualiser camera: baseDistance 82.7 (maxNodeDist 27.6) @ http://localhost:5173/src/lib/visualiser/camera.js?t=1775745380582:32
[  115379ms] [LOG] Visualiser: loading depth 1, 1 parents... @ http://localhost:5173/src/store/useVisualiserStore.js?t=1775744869024:94
[  115383ms] [LOG] Visualiser: depth 1 done, 2 children found, 3 total nodes @ http://localhost:5173/src/store/useVisualiserStore.js?t=1775744869024:143
[  115383ms] [LOG] Visualiser: loading depth 2, 2 parents... @ http://localhost:5173/src/store/useVisualiserStore.js?t=1775744869024:94
[  115385ms] [LOG] Visualiser: depth 2 done, 3 children found, 6 total nodes @ http://localhost:5173/src/store/useVisualiserStore.js?t=1775744869024:143
[  115385ms] [LOG] Visualiser: loading depth 3, 3 parents... @ http://localhost:5173/src/store/useVisualiserStore.js?t=1775744869024:94
[  115387ms] [LOG] Visualiser: depth 3 done, 3 children found, 9 total nodes @ http://localhost:5173/src/store/useVisualiserStore.js?t=1775744869024:143
[  115387ms] [LOG] Visualiser: loading depth 4, 3 parents... @ http://localhost:5173/src/store/useVisualiserStore.js?t=1775744869024:94
[  115388ms] [LOG] Visualiser: depth 4 done, 3 children found, 12 total nodes @ http://localhost:5173/src/store/useVisualiserStore.js?t=1775744869024:143
[  115388ms] [LOG] Visualiser: loading depth 5, 3 parents... @ http://localhost:5173/src/store/useVisualiserStore.js?t=1775744869024:94
[  115389ms] [LOG] Visualiser: depth 5 done, 2 children found, 14 total nodes @ http://localhost:5173/src/store/useVisualiserStore.js?t=1775744869024:143
[  115389ms] [LOG] Visualiser: loading depth 6, 2 parents... @ http://localhost:5173/src/store/useVisualiserStore.js?t=1775744869024:94
[  115391ms] [LOG] Visualiser: depth 6 done, 3 children found, 17 total nodes @ http://localhost:5173/src/store/useVisualiserStore.js?t=1775744869024:143
[  115391ms] [LOG] Visualiser: loading depth 7, 3 parents... @ http://localhost:5173/src/store/useVisualiserStore.js?t=1775744869024:94
[  115392ms] [LOG] Visualiser: depth 7 done, 0 children found, 17 total nodes @ http://localhost:5173/src/store/useVisualiserStore.js?t=1775744869024:143
[  115393ms] [LOG] Visualiser layout: 17 nodes, maxDist 27.7, maxDepth 7 @ http://localhost:5173/src/lib/visualiser/graph.js?t=1775745365396:112
[  115393ms] [LOG] Visualiser camera: baseDistance 83.0 (maxNodeDist 27.7) @ http://localhost:5173/src/lib/visualiser/camera.js?t=1775745380582:32
[  141620ms] [ERROR] SSE stream error: TypeError: network error @ http://localhost:5173/src/composables/useI3xSSE.js:25
[  142295ms] [LOG] 🍍 "node" store installed 🆕 @ http://localhost:5173/node_modules/.vite/deps/pinia.js?v=bf9bfe29:202
[  142295ms] [LOG] 🍍 "deployment" store installed 🆕 @ http://localhost:5173/node_modules/.vite/deps/pinia.js?v=bf9bfe29:202
[  142414ms] [LOG] 🍍 "visualiser" store installed 🆕 @ http://localhost:5173/node_modules/.vite/deps/pinia.js?v=bf9bfe29:202
[  142417ms] [LOG] Visualiser: loading depth 1, 1 parents... @ http://localhost:5173/src/store/useVisualiserStore.js?t=1775745380582:94
[  142421ms] [LOG] Visualiser: depth 1 done, 2 children found, 3 total nodes @ http://localhost:5173/src/store/useVisualiserStore.js?t=1775745380582:143
[  142421ms] [LOG] Visualiser: loading depth 2, 2 parents... @ http://localhost:5173/src/store/useVisualiserStore.js?t=1775745380582:94
[  142425ms] [LOG] Visualiser: depth 2 done, 3 children found, 6 total nodes @ http://localhost:5173/src/store/useVisualiserStore.js?t=1775745380582:143
[  142425ms] [LOG] Visualiser: loading depth 3, 3 parents... @ http://localhost:5173/src/store/useVisualiserStore.js?t=1775745380582:94
[  142426ms] [LOG] Visualiser: depth 3 done, 3 children found, 9 total nodes @ http://localhost:5173/src/store/useVisualiserStore.js?t=1775745380582:143
[  142426ms] [LOG] Visualiser: loading depth 4, 3 parents... @ http://localhost:5173/src/store/useVisualiserStore.js?t=1775745380582:94
[  142428ms] [LOG] Visualiser: depth 4 done, 3 children found, 12 total nodes @ http://localhost:5173/src/store/useVisualiserStore.js?t=1775745380582:143
[  142428ms] [LOG] Visualiser: loading depth 5, 3 parents... @ http://localhost:5173/src/store/useVisualiserStore.js?t=1775745380582:94
[  142429ms] [LOG] Visualiser: depth 5 done, 2 children found, 14 total nodes @ http://localhost:5173/src/store/useVisualiserStore.js?t=1775745380582:143
[  142429ms] [LOG] Visualiser: loading depth 6, 2 parents... @ http://localhost:5173/src/store/useVisualiserStore.js?t=1775745380582:94
[  142431ms] [LOG] Visualiser: depth 6 done, 3 children found, 17 total nodes @ http://localhost:5173/src/store/useVisualiserStore.js?t=1775745380582:143
[  142431ms] [LOG] Visualiser: loading depth 7, 3 parents... @ http://localhost:5173/src/store/useVisualiserStore.js?t=1775745380582:94
[  142433ms] [LOG] Visualiser: depth 7 done, 0 children found, 17 total nodes @ http://localhost:5173/src/store/useVisualiserStore.js?t=1775745380582:143
[  142434ms] [LOG] Visualiser layout: 17 nodes, maxDist 27.6, maxDepth 7 @ http://localhost:5173/src/lib/visualiser/graph.js?t=1775745365396:112
[  142435ms] [LOG] Visualiser camera: baseDistance 82.7 (maxNodeDist 27.6) @ http://localhost:5173/src/lib/visualiser/camera.js?t=1775745380582:32
[  157879ms] [LOG] Visualiser: loading depth 1, 1 parents... @ http://localhost:5173/src/store/useVisualiserStore.js?t=1775745380582:94
[  157883ms] [LOG] Visualiser: depth 1 done, 2 children found, 3 total nodes @ http://localhost:5173/src/store/useVisualiserStore.js?t=1775745380582:143
[  157883ms] [LOG] Visualiser: loading depth 2, 2 parents... @ http://localhost:5173/src/store/useVisualiserStore.js?t=1775745380582:94
[  157885ms] [LOG] Visualiser: depth 2 done, 3 children found, 6 total nodes @ http://localhost:5173/src/store/useVisualiserStore.js?t=1775745380582:143
[  157885ms] [LOG] Visualiser: loading depth 3, 3 parents... @ http://localhost:5173/src/store/useVisualiserStore.js?t=1775745380582:94
[  157886ms] [LOG] Visualiser: depth 3 done, 3 children found, 9 total nodes @ http://localhost:5173/src/store/useVisualiserStore.js?t=1775745380582:143
[  157886ms] [LOG] Visualiser: loading depth 4, 3 parents... @ http://localhost:5173/src/store/useVisualiserStore.js?t=1775745380582:94
[  157888ms] [LOG] Visualiser: depth 4 done, 3 children found, 12 total nodes @ http://localhost:5173/src/store/useVisualiserStore.js?t=1775745380582:143
[  157888ms] [LOG] Visualiser: loading depth 5, 3 parents... @ http://localhost:5173/src/store/useVisualiserStore.js?t=1775745380582:94
[  157889ms] [LOG] Visualiser: depth 5 done, 2 children found, 14 total nodes @ http://localhost:5173/src/store/useVisualiserStore.js?t=1775745380582:143
[  157889ms] [LOG] Visualiser: loading depth 6, 2 parents... @ http://localhost:5173/src/store/useVisualiserStore.js?t=1775745380582:94
[  157890ms] [LOG] Visualiser: depth 6 done, 3 children found, 17 total nodes @ http://localhost:5173/src/store/useVisualiserStore.js?t=1775745380582:143
[  157890ms] [LOG] Visualiser: loading depth 7, 3 parents... @ http://localhost:5173/src/store/useVisualiserStore.js?t=1775745380582:94
[  157892ms] [LOG] Visualiser: depth 7 done, 0 children found, 17 total nodes @ http://localhost:5173/src/store/useVisualiserStore.js?t=1775745380582:143
[  157892ms] [LOG] Visualiser layout: 17 nodes, maxDist 28.0, maxDepth 7 @ http://localhost:5173/src/lib/visualiser/graph.js?t=1775745365396:112
[  157893ms] [LOG] Visualiser camera: baseDistance 50.4 (maxNodeDist 28.0) @ http://localhost:5173/src/lib/visualiser/camera.js?t=1775745429057:32
[  174499ms] [LOG] Visualiser: loading depth 1, 1 parents... @ http://localhost:5173/src/store/useVisualiserStore.js?t=1775745380582:94
[  174503ms] [LOG] Visualiser: depth 1 done, 2 children found, 3 total nodes @ http://localhost:5173/src/store/useVisualiserStore.js?t=1775745380582:143
[  174503ms] [LOG] Visualiser: loading depth 2, 2 parents... @ http://localhost:5173/src/store/useVisualiserStore.js?t=1775745380582:94
[  174505ms] [LOG] Visualiser: depth 2 done, 3 children found, 6 total nodes @ http://localhost:5173/src/store/useVisualiserStore.js?t=1775745380582:143
[  174505ms] [LOG] Visualiser: loading depth 3, 3 parents... @ http://localhost:5173/src/store/useVisualiserStore.js?t=1775745380582:94
[  174507ms] [LOG] Visualiser: depth 3 done, 3 children found, 9 total nodes @ http://localhost:5173/src/store/useVisualiserStore.js?t=1775745380582:143
[  174507ms] [LOG] Visualiser: loading depth 4, 3 parents... @ http://localhost:5173/src/store/useVisualiserStore.js?t=1775745380582:94
[  174509ms] [LOG] Visualiser: depth 4 done, 3 children found, 12 total nodes @ http://localhost:5173/src/store/useVisualiserStore.js?t=1775745380582:143
[  174509ms] [LOG] Visualiser: loading depth 5, 3 parents... @ http://localhost:5173/src/store/useVisualiserStore.js?t=1775745380582:94
[  174510ms] [LOG] Visualiser: depth 5 done, 2 children found, 14 total nodes @ http://localhost:5173/src/store/useVisualiserStore.js?t=1775745380582:143
[  174510ms] [LOG] Visualiser: loading depth 6, 2 parents... @ http://localhost:5173/src/store/useVisualiserStore.js?t=1775745380582:94
[  174512ms] [LOG] Visualiser: depth 6 done, 3 children found, 17 total nodes @ http://localhost:5173/src/store/useVisualiserStore.js?t=1775745380582:143
[  174512ms] [LOG] Visualiser: loading depth 7, 3 parents... @ http://localhost:5173/src/store/useVisualiserStore.js?t=1775745380582:94
[  174513ms] [LOG] Visualiser: depth 7 done, 0 children found, 17 total nodes @ http://localhost:5173/src/store/useVisualiserStore.js?t=1775745380582:143
[  174513ms] [LOG] Visualiser layout: 17 nodes, maxDist 28.1, maxDepth 7 @ http://localhost:5173/src/lib/visualiser/graph.js?t=1775745365396:112
[  174514ms] [LOG] Visualiser camera: baseDistance 50.7 (maxNodeDist 28.1) @ http://localhost:5173/src/lib/visualiser/camera.js?t=1775745445662:32
[  240377ms] [ERROR] SSE stream error: TypeError: network error @ http://localhost:5173/src/composables/useI3xSSE.js:25
[  240909ms] [LOG] 🍍 "node" store installed 🆕 @ http://localhost:5173/node_modules/.vite/deps/pinia.js?v=bf9bfe29:202
[  240909ms] [LOG] 🍍 "deployment" store installed 🆕 @ http://localhost:5173/node_modules/.vite/deps/pinia.js?v=bf9bfe29:202
[  240998ms] [LOG] 🍍 "visualiser" store installed 🆕 @ http://localhost:5173/node_modules/.vite/deps/pinia.js?v=bf9bfe29:202
[  241001ms] [LOG] Visualiser: loading depth 1, 1 parents... @ http://localhost:5173/src/store/useVisualiserStore.js?t=1775745445662:94
[  241006ms] [LOG] Visualiser: depth 1 done, 2 children found, 3 total nodes @ http://localhost:5173/src/store/useVisualiserStore.js?t=1775745445662:143
[  241006ms] [LOG] Visualiser: loading depth 2, 2 parents... @ http://localhost:5173/src/store/useVisualiserStore.js?t=1775745445662:94
[  241010ms] [LOG] Visualiser: depth 2 done, 3 children found, 6 total nodes @ http://localhost:5173/src/store/useVisualiserStore.js?t=1775745445662:143
[  241011ms] [LOG] Visualiser: loading depth 3, 3 parents... @ http://localhost:5173/src/store/useVisualiserStore.js?t=1775745445662:94
[  241013ms] [LOG] Visualiser: depth 3 done, 3 children found, 9 total nodes @ http://localhost:5173/src/store/useVisualiserStore.js?t=1775745445662:143
[  241013ms] [LOG] Visualiser: loading depth 4, 3 parents... @ http://localhost:5173/src/store/useVisualiserStore.js?t=1775745445662:94
[  241015ms] [LOG] Visualiser: depth 4 done, 3 children found, 12 total nodes @ http://localhost:5173/src/store/useVisualiserStore.js?t=1775745445662:143
[  241015ms] [LOG] Visualiser: loading depth 5, 3 parents... @ http://localhost:5173/src/store/useVisualiserStore.js?t=1775745445662:94
[  241017ms] [LOG] Visualiser: depth 5 done, 2 children found, 14 total nodes @ http://localhost:5173/src/store/useVisualiserStore.js?t=1775745445662:143
[  241017ms] [LOG] Visualiser: loading depth 6, 2 parents... @ http://localhost:5173/src/store/useVisualiserStore.js?t=1775745445662:94
[  241019ms] [LOG] Visualiser: depth 6 done, 3 children found, 17 total nodes @ http://localhost:5173/src/store/useVisualiserStore.js?t=1775745445662:143
[  241019ms] [LOG] Visualiser: loading depth 7, 3 parents... @ http://localhost:5173/src/store/useVisualiserStore.js?t=1775745445662:94
[  241021ms] [LOG] Visualiser: depth 7 done, 0 children found, 17 total nodes @ http://localhost:5173/src/store/useVisualiserStore.js?t=1775745445662:143
[  241022ms] [LOG] Visualiser layout: 17 nodes, maxDist 28.3, maxDepth 7 @ http://localhost:5173/src/lib/visualiser/graph.js?t=1775745365396:112
[  241023ms] [LOG] Visualiser camera: baseDistance 50.9 (maxNodeDist 28.3) @ http://localhost:5173/src/lib/visualiser/camera.js?t=1775745445662:32
[  260037ms] [LOG] Visualiser: loading depth 1, 1 parents... @ http://localhost:5173/src/store/useVisualiserStore.js?t=1775745445662:94
[  260041ms] [LOG] Visualiser: depth 1 done, 2 children found, 3 total nodes @ http://localhost:5173/src/store/useVisualiserStore.js?t=1775745445662:143
[  260041ms] [LOG] Visualiser: loading depth 2, 2 parents... @ http://localhost:5173/src/store/useVisualiserStore.js?t=1775745445662:94
[  260043ms] [LOG] Visualiser: depth 2 done, 3 children found, 6 total nodes @ http://localhost:5173/src/store/useVisualiserStore.js?t=1775745445662:143
[  260043ms] [LOG] Visualiser: loading depth 3, 3 parents... @ http://localhost:5173/src/store/useVisualiserStore.js?t=1775745445662:94
[  260044ms] [LOG] Visualiser: depth 3 done, 3 children found, 9 total nodes @ http://localhost:5173/src/store/useVisualiserStore.js?t=1775745445662:143
[  260044ms] [LOG] Visualiser: loading depth 4, 3 parents... @ http://localhost:5173/src/store/useVisualiserStore.js?t=1775745445662:94
[  260046ms] [LOG] Visualiser: depth 4 done, 3 children found, 12 total nodes @ http://localhost:5173/src/store/useVisualiserStore.js?t=1775745445662:143
[  260046ms] [LOG] Visualiser: loading depth 5, 3 parents... @ http://localhost:5173/src/store/useVisualiserStore.js?t=1775745445662:94
[  260047ms] [LOG] Visualiser: depth 5 done, 2 children found, 14 total nodes @ http://localhost:5173/src/store/useVisualiserStore.js?t=1775745445662:143
[  260047ms] [LOG] Visualiser: loading depth 6, 2 parents... @ http://localhost:5173/src/store/useVisualiserStore.js?t=1775745445662:94
[  260048ms] [LOG] Visualiser: depth 6 done, 3 children found, 17 total nodes @ http://localhost:5173/src/store/useVisualiserStore.js?t=1775745445662:143
[  260048ms] [LOG] Visualiser: loading depth 7, 3 parents... @ http://localhost:5173/src/store/useVisualiserStore.js?t=1775745445662:94
[  260050ms] [LOG] Visualiser: depth 7 done, 0 children found, 17 total nodes @ http://localhost:5173/src/store/useVisualiserStore.js?t=1775745445662:143
[  260050ms] [LOG] Visualiser layout: 17 nodes, maxDist 28.1, maxDepth 7 @ http://localhost:5173/src/lib/visualiser/graph.js?t=1775745365396:112
[  260050ms] [LOG] Visualiser camera: baseDistance 50.7 (maxNodeDist 28.1) @ http://localhost:5173/src/lib/visualiser/camera.js?t=1775745445662:32
[  260052ms] [LOG] Visualiser LOD: created 12 labels @ http://localhost:5173/src/lib/visualiser/lod.js?t=1775745531202:61
