[   26306ms] [ERROR] SSE stream error: TypeError: network error @ http://localhost:5173/src/composables/useI3xSSE.js:25
[   26837ms] [LOG] 🍍 "node" store installed 🆕 @ http://localhost:5173/node_modules/.vite/deps/pinia.js?v=bf9bfe29:202
[   26837ms] [LOG] 🍍 "deployment" store installed 🆕 @ http://localhost:5173/node_modules/.vite/deps/pinia.js?v=bf9bfe29:202
[   26956ms] [LOG] 🍍 "visualiser" store installed 🆕 @ http://localhost:5173/node_modules/.vite/deps/pinia.js?v=bf9bfe29:202
[   26968ms] [LOG] Visualiser: loading depth 1, 1 parents... @ http://localhost:5173/src/store/useVisualiserStore.js?t=1775744869024:94
[   26973ms] [LOG] Visualiser: depth 1 done, 2 children found, 3 total nodes @ http://localhost:5173/src/store/useVisualiserStore.js?t=1775744869024:143
[   26973ms] [LOG] Visualiser: loading depth 2, 2 parents... @ http://localhost:5173/src/store/useVisualiserStore.js?t=1775744869024:94
[   26975ms] [LOG] Visualiser: depth 2 done, 3 children found, 6 total nodes @ http://localhost:5173/src/store/useVisualiserStore.js?t=1775744869024:143
[   26975ms] [LOG] Visualiser: loading depth 3, 3 parents... @ http://localhost:5173/src/store/useVisualiserStore.js?t=1775744869024:94
[   26977ms] [LOG] Visualiser: depth 3 done, 3 children found, 9 total nodes @ http://localhost:5173/src/store/useVisualiserStore.js?t=1775744869024:143
[   26977ms] [LOG] Visualiser: loading depth 4, 3 parents... @ http://localhost:5173/src/store/useVisualiserStore.js?t=1775744869024:94
[   26979ms] [LOG] Visualiser: depth 4 done, 3 children found, 12 total nodes @ http://localhost:5173/src/store/useVisualiserStore.js?t=1775744869024:143
[   26979ms] [LOG] Visualiser: loading depth 5, 3 parents... @ http://localhost:5173/src/store/useVisualiserStore.js?t=1775744869024:94
[   26980ms] [LOG] Visualiser: depth 5 done, 2 children found, 14 total nodes @ http://localhost:5173/src/store/useVisualiserStore.js?t=1775744869024:143
[   26980ms] [LOG] Visualiser: loading depth 6, 2 parents... @ http://localhost:5173/src/store/useVisualiserStore.js?t=1775744869024:94
[   26983ms] [LOG] Visualiser: depth 6 done, 4 children found, 18 total nodes @ http://localhost:5173/src/store/useVisualiserStore.js?t=1775744869024:143
[   26983ms] [LOG] Visualiser: loading depth 7, 4 parents... @ http://localhost:5173/src/store/useVisualiserStore.js?t=1775744869024:94
[   26985ms] [LOG] Visualiser: depth 7 done, 1 children found, 19 total nodes @ http://localhost:5173/src/store/useVisualiserStore.js?t=1775744869024:143
[   26985ms] [LOG] Visualiser: loading depth 8, 1 parents... @ http://localhost:5173/src/store/useVisualiserStore.js?t=1775744869024:94
[   26986ms] [LOG] Visualiser: depth 8 done, 0 children found, 19 total nodes @ http://localhost:5173/src/store/useVisualiserStore.js?t=1775744869024:143
[   26987ms] [LOG] Visualiser layout: 19 nodes, span 22.5 units @ http://localhost:5173/src/lib/visualiser/graph.js:72
[   26988ms] [LOG] Visualiser camera: baseDistance 40.0 (maxNodeDist 12.6) @ http://localhost:5173/src/lib/visualiser/camera.js:32
[   99541ms] [LOG] Visualiser: loading depth 1, 1 parents... @ http://localhost:5173/src/store/useVisualiserStore.js?t=1775744869024:94
[   99545ms] [LOG] Visualiser: depth 1 done, 2 children found, 3 total nodes @ http://localhost:5173/src/store/useVisualiserStore.js?t=1775744869024:143
[   99545ms] [LOG] Visualiser: loading depth 2, 2 parents... @ http://localhost:5173/src/store/useVisualiserStore.js?t=1775744869024:94
[   99546ms] [LOG] Visualiser: depth 2 done, 3 children found, 6 total nodes @ http://localhost:5173/src/store/useVisualiserStore.js?t=1775744869024:143
[   99546ms] [LOG] Visualiser: loading depth 3, 3 parents... @ http://localhost:5173/src/store/useVisualiserStore.js?t=1775744869024:94
[   99548ms] [LOG] Visualiser: depth 3 done, 3 children found, 9 total nodes @ http://localhost:5173/src/store/useVisualiserStore.js?t=1775744869024:143
[   99548ms] [LOG] Visualiser: loading depth 4, 3 parents... @ http://localhost:5173/src/store/useVisualiserStore.js?t=1775744869024:94
[   99550ms] [LOG] Visualiser: depth 4 done, 3 children found, 12 total nodes @ http://localhost:5173/src/store/useVisualiserStore.js?t=1775744869024:143
[   99550ms] [LOG] Visualiser: loading depth 5, 3 parents... @ http://localhost:5173/src/store/useVisualiserStore.js?t=1775744869024:94
[   99551ms] [LOG] Visualiser: depth 5 done, 2 children found, 14 total nodes @ http://localhost:5173/src/store/useVisualiserStore.js?t=1775744869024:143
[   99551ms] [LOG] Visualiser: loading depth 6, 2 parents... @ http://localhost:5173/src/store/useVisualiserStore.js?t=1775744869024:94
[   99553ms] [LOG] Visualiser: depth 6 done, 4 children found, 18 total nodes @ http://localhost:5173/src/store/useVisualiserStore.js?t=1775744869024:143
[   99553ms] [LOG] Visualiser: loading depth 7, 4 parents... @ http://localhost:5173/src/store/useVisualiserStore.js?t=1775744869024:94
[   99555ms] [LOG] Visualiser: depth 7 done, 1 children found, 19 total nodes @ http://localhost:5173/src/store/useVisualiserStore.js?t=1775744869024:143
[   99555ms] [LOG] Visualiser: loading depth 8, 1 parents... @ http://localhost:5173/src/store/useVisualiserStore.js?t=1775744869024:94
[   99556ms] [LOG] Visualiser: depth 8 done, 0 children found, 19 total nodes @ http://localhost:5173/src/store/useVisualiserStore.js?t=1775744869024:143
[   99556ms] [LOG] Visualiser layout: 19 nodes, span 25.7 units @ http://localhost:5173/src/lib/visualiser/graph.js?t=1775744972487:72
[   99557ms] [LOG] Visualiser camera: baseDistance 47.3 (maxNodeDist 15.8) @ http://localhost:5173/src/lib/visualiser/camera.js:32
